/*C1*/SET SCHEMA SYSTEM_LOBS
INSERT INTO BLOCKS VALUES(0,2147483647,0)
COMMIT
/*C2*/SET SCHEMA PUBLIC
DISCONNECT
/*C3*/SET SCHEMA PUBLIC
CREATE TABLE CONSTRUCTEUR (COCOID INTEGER NOT NULL, COCONA VARCHAR(50), PRIMARY KEY (COCOID))
CREATE TABLE ECHAFAUDAGE (ECECID BIGINT NOT NULL, CLASSE VARCHAR(255), TYPE VARCHAR(255), TYPESOL VARCHAR(255), CONSTRUCTEUR_COCOID INTEGER, PRIMARY KEY (ECECID))
CREATE TABLE Element (ELELID BIGINT NOT NULL, INST VARCHAR(255), ELELPO INTEGER, ECHAFAUDAGE_ECECID BIGINT, PRIMARY KEY (ELELID))
CREATE TABLE AMARRAGEBAIE (TYTYID VARCHAR(255) NOT NULL, TYTYNA VARCHAR(255), TYTYPO REAL, TE VARCHAR(255), CONS_COCOID INTEGER, PRIMARY KEY (TYTYID))
CREATE TABLE REELT (ELELID BIGINT NOT NULL, INTANC VARCHAR(255), ELELNA VARCHAR(80), PRIMARY KEY (ELELID))
CREATE TABLE EMBASEPOTEAUX (TYTYID VARCHAR(255) NOT NULL, TYTYNA VARCHAR(255), TYTYPO REAL, TE VARCHAR(255), CONS_COCOID INTEGER, PRIMARY KEY (TYTYID))
CREATE TABLE EQGDC (TYTYID VARCHAR(255) NOT NULL, EQEQLO REAL, TYTYNA VARCHAR(255), TYTYPO REAL, TE VARCHAR(255), CONS_COCOID INTEGER, PRIMARY KEY (TYTYID))
CREATE TABLE GARDESCORPS (TYTYID VARCHAR(255) NOT NULL, GAGALO REAL, TYTYNA VARCHAR(255), TYTYPO REAL, TE VARCHAR(255), CONS_COCOID INTEGER, PRIMARY KEY (TYTYID))
CREATE TABLE JAMBEDEFORCE (TYTYID VARCHAR(255) NOT NULL, TYTYNA VARCHAR(255), TYTYPO REAL, TE VARCHAR(255), CONS_COCOID INTEGER, PRIMARY KEY (TYTYID))
CREATE TABLE LISSE (TYTYID VARCHAR(255) NOT NULL, LILINA REAL, TYTYNA VARCHAR(255), TYTYPO REAL, TE VARCHAR(255), CONS_COCOID INTEGER, PRIMARY KEY (TYTYID))
CREATE TABLE PLATRAPPE (TYTYID VARCHAR(255) NOT NULL, PLPLLO REAL, TYTYNA VARCHAR(255), TYTYPO REAL, TE VARCHAR(255), CONS_COCOID INTEGER, PRIMARY KEY (TYTYID))
CREATE TABLE PLATEAU (TYTYID VARCHAR(255) NOT NULL, PLPLLO REAL, TYTYNA VARCHAR(255), TYTYPO REAL, PLPLSU REAL, TE VARCHAR(255), CONS_COCOID INTEGER, PRIMARY KEY (TYTYID))
CREATE TABLE PLINTHE (TYTYID VARCHAR(255) NOT NULL, PLPLLO REAL, TYTYNA VARCHAR(255), TYTYPO REAL, TE VARCHAR(255), CONS_COCOID INTEGER, PRIMARY KEY (TYTYID))
CREATE TABLE POTEAUX (TYTYID VARCHAR(255) NOT NULL, POPOLO REAL, TYTYNA VARCHAR(255), TYTYPO REAL, TE VARCHAR(255), CONS_COCOID INTEGER, PRIMARY KEY (TYTYID))
CREATE TABLE SOCLEREGLABLE (TYTYID VARCHAR(255) NOT NULL, SOSOLO REAL, TYTYNA VARCHAR(255), TYTYPO REAL, TE VARCHAR(255), CONS_COCOID INTEGER, PRIMARY KEY (TYTYID))
CREATE TABLE VERINBUTTEE (TYTYID VARCHAR(255) NOT NULL, TYTYNA VARCHAR(255), TYTYPO REAL, TE VARCHAR(255), CONS_COCOID INTEGER, PRIMARY KEY (TYTYID))
CREATE TABLE BRASDEDEPORT (TYTYID VARCHAR(255) NOT NULL, TYTYNA VARCHAR(255), TYTYPO REAL, TE VARCHAR(255), CONS_COCOID INTEGER, PRIMARY KEY (TYTYID))
CREATE TABLE CONSOLE (TYTYID VARCHAR(255) NOT NULL, TYTYNA VARCHAR(255), TYTYPO REAL, TE VARCHAR(255), CONS_COCOID INTEGER, PRIMARY KEY (TYTYID))
CREATE TABLE CONSOLEPAREGRAVOIS (TYTYID VARCHAR(255) NOT NULL, TYTYNA VARCHAR(255), TYTYPO REAL, TE VARCHAR(255), CONS_COCOID INTEGER, PRIMARY KEY (TYTYID))
CREATE TABLE DIAGONALE (TYTYID VARCHAR(255) NOT NULL, TYTYNA VARCHAR(255), TYTYPO REAL, TE VARCHAR(255), CONS_COCOID INTEGER, PRIMARY KEY (TYTYID))
CREATE TABLE LISSEANCRAGE (TYTYID VARCHAR(255) NOT NULL, TYTYNA VARCHAR(255), TYTYPO REAL, TE VARCHAR(255), CONS_COCOID INTEGER, PRIMARY KEY (TYTYID))
CREATE TABLE LISSEPAREGRAVOIS (TYTYID VARCHAR(255) NOT NULL, LILILO REAL, TYTYNA VARCHAR(255), TYTYPO REAL, TE VARCHAR(255), CONS_COCOID INTEGER, PRIMARY KEY (TYTYID))
CREATE TABLE POUTREPASSAGEDECAMION (TYTYID VARCHAR(255) NOT NULL, POPOLO REAL, TYTYNA VARCHAR(255), TYTYPO REAL, TE VARCHAR(255), CONS_COCOID INTEGER, PRIMARY KEY (TYTYID))
CREATE TABLE TOLE (TYTYID VARCHAR(255) NOT NULL, TYTYNA VARCHAR(255), TYTYPO REAL, TE VARCHAR(255), CONS_COCOID INTEGER, PRIMARY KEY (TYTYID))
CREATE TABLE ADRESSE (ADADID BIGINT NOT NULL, ADADAD1 VARCHAR(100), ADADAD2 VARCHAR(100), ADADAD3 VARCHAR(100), ADADAD4 VARCHAR(100), ADADCO VARCHAR(100), ADADCM VARCHAR(100), ADADMAIL VARCHAR(100), ADADTEL VARCHAR(20), PRIMARY KEY (ADADID))
CREATE TABLE CHANTIER (CHCHID BIGINT NOT NULL, ADRESSE_ADADID BIGINT, ECHAFAUDAGE_ECECID BIGINT, PROJET_ID BIGINT, PRIMARY KEY (CHCHID))
CREATE TABLE CLIENT (CLCLID BIGINT NOT NULL, CLCLNOM VARCHAR(20), CLCLPRENOM VARCHAR(50), ADRESSE_ADADID BIGINT, PRIMARY KEY (CLCLID))
CREATE TABLE COMMUNE (COCOID REAL NOT NULL, CMCMCODE_COMMUNE VARCHAR(20), CMCMCOMMUNE VARCHAR(50), PRIMARY KEY (COCOID))
CREATE TABLE PROJET (ID BIGINT NOT NULL, PRPRTI VARCHAR(20), PRPRUR VARCHAR(200), CLIENT_CLCLID BIGINT, RESP_REREID BIGINT, CHANTIER_CHCHID BIGINT, PRIMARY KEY (ID))
CREATE TABLE RESPONSABLE (REREID BIGINT NOT NULL, RERENOM VARCHAR(20), REREPRENOM VARCHAR(50), PRIMARY KEY (REREID))
CREATE TABLE ECHAFAUDAGE_Element (Echafaudage_ECECID BIGINT NOT NULL, elements_ELELID BIGINT NOT NULL, PRIMARY KEY (Echafaudage_ECECID, elements_ELELID))
ALTER TABLE ECHAFAUDAGE ADD CONSTRAINT FK_ECHAFAUDAGE_CONSTRUCTEUR_COCOID FOREIGN KEY (CONSTRUCTEUR_COCOID) REFERENCES CONSTRUCTEUR (COCOID)
ALTER TABLE Element ADD CONSTRAINT FK_Element_ECHAFAUDAGE_ECECID FOREIGN KEY (ECHAFAUDAGE_ECECID) REFERENCES ECHAFAUDAGE (ECECID)
ALTER TABLE AMARRAGEBAIE ADD CONSTRAINT FK_AMARRAGEBAIE_CONS_COCOID FOREIGN KEY (CONS_COCOID) REFERENCES CONSTRUCTEUR (COCOID)
ALTER TABLE EMBASEPOTEAUX ADD CONSTRAINT FK_EMBASEPOTEAUX_CONS_COCOID FOREIGN KEY (CONS_COCOID) REFERENCES CONSTRUCTEUR (COCOID)
ALTER TABLE EQGDC ADD CONSTRAINT FK_EQGDC_CONS_COCOID FOREIGN KEY (CONS_COCOID) REFERENCES CONSTRUCTEUR (COCOID)
ALTER TABLE GARDESCORPS ADD CONSTRAINT FK_GARDESCORPS_CONS_COCOID FOREIGN KEY (CONS_COCOID) REFERENCES CONSTRUCTEUR (COCOID)
ALTER TABLE JAMBEDEFORCE ADD CONSTRAINT FK_JAMBEDEFORCE_CONS_COCOID FOREIGN KEY (CONS_COCOID) REFERENCES CONSTRUCTEUR (COCOID)
ALTER TABLE LISSE ADD CONSTRAINT FK_LISSE_CONS_COCOID FOREIGN KEY (CONS_COCOID) REFERENCES CONSTRUCTEUR (COCOID)
ALTER TABLE PLATRAPPE ADD CONSTRAINT FK_PLATRAPPE_CONS_COCOID FOREIGN KEY (CONS_COCOID) REFERENCES CONSTRUCTEUR (COCOID)
ALTER TABLE PLATEAU ADD CONSTRAINT FK_PLATEAU_CONS_COCOID FOREIGN KEY (CONS_COCOID) REFERENCES CONSTRUCTEUR (COCOID)
ALTER TABLE PLINTHE ADD CONSTRAINT FK_PLINTHE_CONS_COCOID FOREIGN KEY (CONS_COCOID) REFERENCES CONSTRUCTEUR (COCOID)
ALTER TABLE POTEAUX ADD CONSTRAINT FK_POTEAUX_CONS_COCOID FOREIGN KEY (CONS_COCOID) REFERENCES CONSTRUCTEUR (COCOID)
ALTER TABLE SOCLEREGLABLE ADD CONSTRAINT FK_SOCLEREGLABLE_CONS_COCOID FOREIGN KEY (CONS_COCOID) REFERENCES CONSTRUCTEUR (COCOID)
ALTER TABLE VERINBUTTEE ADD CONSTRAINT FK_VERINBUTTEE_CONS_COCOID FOREIGN KEY (CONS_COCOID) REFERENCES CONSTRUCTEUR (COCOID)
ALTER TABLE BRASDEDEPORT ADD CONSTRAINT FK_BRASDEDEPORT_CONS_COCOID FOREIGN KEY (CONS_COCOID) REFERENCES CONSTRUCTEUR (COCOID)
ALTER TABLE CONSOLE ADD CONSTRAINT FK_CONSOLE_CONS_COCOID FOREIGN KEY (CONS_COCOID) REFERENCES CONSTRUCTEUR (COCOID)
ALTER TABLE CONSOLEPAREGRAVOIS ADD CONSTRAINT FK_CONSOLEPAREGRAVOIS_CONS_COCOID FOREIGN KEY (CONS_COCOID) REFERENCES CONSTRUCTEUR (COCOID)
ALTER TABLE DIAGONALE ADD CONSTRAINT FK_DIAGONALE_CONS_COCOID FOREIGN KEY (CONS_COCOID) REFERENCES CONSTRUCTEUR (COCOID)
ALTER TABLE LISSEANCRAGE ADD CONSTRAINT FK_LISSEANCRAGE_CONS_COCOID FOREIGN KEY (CONS_COCOID) REFERENCES CONSTRUCTEUR (COCOID)
ALTER TABLE LISSEPAREGRAVOIS ADD CONSTRAINT FK_LISSEPAREGRAVOIS_CONS_COCOID FOREIGN KEY (CONS_COCOID) REFERENCES CONSTRUCTEUR (COCOID)
ALTER TABLE POUTREPASSAGEDECAMION ADD CONSTRAINT FK_POUTREPASSAGEDECAMION_CONS_COCOID FOREIGN KEY (CONS_COCOID) REFERENCES CONSTRUCTEUR (COCOID)
ALTER TABLE TOLE ADD CONSTRAINT FK_TOLE_CONS_COCOID FOREIGN KEY (CONS_COCOID) REFERENCES CONSTRUCTEUR (COCOID)
ALTER TABLE CHANTIER ADD CONSTRAINT FK_CHANTIER_ADRESSE_ADADID FOREIGN KEY (ADRESSE_ADADID) REFERENCES ADRESSE (ADADID)
ALTER TABLE CHANTIER ADD CONSTRAINT FK_CHANTIER_ECHAFAUDAGE_ECECID FOREIGN KEY (ECHAFAUDAGE_ECECID) REFERENCES ECHAFAUDAGE (ECECID)
ALTER TABLE CHANTIER ADD CONSTRAINT FK_CHANTIER_PROJET_ID FOREIGN KEY (PROJET_ID) REFERENCES PROJET (ID)
ALTER TABLE CLIENT ADD CONSTRAINT FK_CLIENT_ADRESSE_ADADID FOREIGN KEY (ADRESSE_ADADID) REFERENCES ADRESSE (ADADID)
ALTER TABLE PROJET ADD CONSTRAINT FK_PROJET_CHANTIER_CHCHID FOREIGN KEY (CHANTIER_CHCHID) REFERENCES CHANTIER (CHCHID)
ALTER TABLE PROJET ADD CONSTRAINT FK_PROJET_RESP_REREID FOREIGN KEY (RESP_REREID) REFERENCES RESPONSABLE (REREID)
ALTER TABLE PROJET ADD CONSTRAINT FK_PROJET_CLIENT_CLCLID FOREIGN KEY (CLIENT_CLCLID) REFERENCES CLIENT (CLCLID)
ALTER TABLE ECHAFAUDAGE_Element ADD CONSTRAINT FK_ECHAFAUDAGE_Element_elements_ELELID FOREIGN KEY (elements_ELELID) REFERENCES Element (ELELID)
ALTER TABLE ECHAFAUDAGE_Element ADD CONSTRAINT FK_ECHAFAUDAGE_Element_Echafaudage_ECECID FOREIGN KEY (Echafaudage_ECECID) REFERENCES ECHAFAUDAGE (ECECID)
CREATE TABLE SEQUENCE (SEQ_NAME VARCHAR(50) NOT NULL, SEQ_COUNT NUMERIC(38), PRIMARY KEY (SEQ_NAME))
INSERT INTO SEQUENCE VALUES('SEQ_GEN',0)
COMMIT
